<?xml version="1.0" encoding="UTF-8"?>
<testsuite name="TestSuite" time="59.914" tests="2" errors="0" skipped="0" failures="2">
  <properties>
    <property name="java.runtime.name" value="Java(TM) SE Runtime Environment"/>
    <property name="sun.boot.library.path" value="/Library/Java/JavaVirtualMachines/jdk1.8.0_181.jdk/Contents/Home/jre/lib"/>
    <property name="java.vm.version" value="25.181-b13"/>
    <property name="gopherProxySet" value="false"/>
    <property name="java.vm.vendor" value="Oracle Corporation"/>
    <property name="maven.multiModuleProjectDirectory" value="/Users/amritkrishan/IdeaProjects/bddtutorial"/>
    <property name="java.vendor.url" value="http://java.oracle.com/"/>
    <property name="path.separator" value=":"/>
    <property name="guice.disable.misplaced.annotation.check" value="true"/>
    <property name="java.vm.name" value="Java HotSpot(TM) 64-Bit Server VM"/>
    <property name="file.encoding.pkg" value="sun.io"/>
    <property name="user.country" value="IN"/>
    <property name="sun.java.launcher" value="SUN_STANDARD"/>
    <property name="sun.os.patch.level" value="unknown"/>
    <property name="java.vm.specification.name" value="Java Virtual Machine Specification"/>
    <property name="user.dir" value="/Users/amritkrishan/IdeaProjects/bddtutorial"/>
    <property name="java.runtime.version" value="1.8.0_181-b13"/>
    <property name="java.awt.graphicsenv" value="sun.awt.CGraphicsEnvironment"/>
    <property name="java.endorsed.dirs" value="/Library/Java/JavaVirtualMachines/jdk1.8.0_181.jdk/Contents/Home/jre/lib/endorsed"/>
    <property name="os.arch" value="x86_64"/>
    <property name="java.io.tmpdir" value="/var/folders/vm/wzmsqpxj11g559tr6ycp814c0000gn/T/"/>
    <property name="line.separator" value="&#10;"/>
    <property name="java.vm.specification.vendor" value="Oracle Corporation"/>
    <property name="os.name" value="Mac OS X"/>
    <property name="classworlds.conf" value="/usr/local/Cellar/maven/3.5.4/libexec/bin/m2.conf"/>
    <property name="sun.jnu.encoding" value="UTF-8"/>
    <property name="java.library.path" value="/Users/amritkrishan/Library/Java/Extensions:/Library/Java/Extensions:/Network/Library/Java/Extensions:/System/Library/Java/Extensions:/usr/lib/java:."/>
    <property name="maven.conf" value="/usr/local/Cellar/maven/3.5.4/libexec/conf"/>
    <property name="java.specification.name" value="Java Platform API Specification"/>
    <property name="java.class.version" value="52.0"/>
    <property name="sun.management.compiler" value="HotSpot 64-Bit Tiered Compilers"/>
    <property name="os.version" value="10.13.3"/>
    <property name="library.jansi.path" value="/usr/local/Cellar/maven/3.5.4/libexec/lib/jansi-native"/>
    <property name="http.nonProxyHosts" value="local|*.local|169.254/16|*.169.254/16"/>
    <property name="user.home" value="/Users/amritkrishan"/>
    <property name="user.timezone" value="Asia/Kolkata"/>
    <property name="java.awt.printerjob" value="sun.lwawt.macosx.CPrinterJob"/>
    <property name="java.specification.version" value="1.8"/>
    <property name="file.encoding" value="US-ASCII"/>
    <property name="user.name" value="amritkrishan"/>
    <property name="java.class.path" value="/usr/local/Cellar/maven/3.5.4/libexec/boot/plexus-classworlds-2.5.2.jar"/>
    <property name="java.vm.specification.version" value="1.8"/>
    <property name="sun.arch.data.model" value="64"/>
    <property name="java.home" value="/Library/Java/JavaVirtualMachines/jdk1.8.0_181.jdk/Contents/Home/jre"/>
    <property name="sun.java.command" value="org.codehaus.plexus.classworlds.launcher.Launcher install"/>
    <property name="java.specification.vendor" value="Oracle Corporation"/>
    <property name="user.language" value="en"/>
    <property name="awt.toolkit" value="sun.lwawt.macosx.LWCToolkit"/>
    <property name="java.vm.info" value="mixed mode"/>
    <property name="java.version" value="1.8.0_181"/>
    <property name="java.ext.dirs" value="/Users/amritkrishan/Library/Java/Extensions:/Library/Java/JavaVirtualMachines/jdk1.8.0_181.jdk/Contents/Home/jre/lib/ext:/Library/Java/Extensions:/Network/Library/Java/Extensions:/System/Library/Java/Extensions:/usr/lib/java"/>
    <property name="sun.boot.class.path" value="/Library/Java/JavaVirtualMachines/jdk1.8.0_181.jdk/Contents/Home/jre/lib/resources.jar:/Library/Java/JavaVirtualMachines/jdk1.8.0_181.jdk/Contents/Home/jre/lib/rt.jar:/Library/Java/JavaVirtualMachines/jdk1.8.0_181.jdk/Contents/Home/jre/lib/sunrsasign.jar:/Library/Java/JavaVirtualMachines/jdk1.8.0_181.jdk/Contents/Home/jre/lib/jsse.jar:/Library/Java/JavaVirtualMachines/jdk1.8.0_181.jdk/Contents/Home/jre/lib/jce.jar:/Library/Java/JavaVirtualMachines/jdk1.8.0_181.jdk/Contents/Home/jre/lib/charsets.jar:/Library/Java/JavaVirtualMachines/jdk1.8.0_181.jdk/Contents/Home/jre/lib/jfr.jar:/Library/Java/JavaVirtualMachines/jdk1.8.0_181.jdk/Contents/Home/jre/classes"/>
    <property name="java.vendor" value="Oracle Corporation"/>
    <property name="maven.home" value="/usr/local/Cellar/maven/3.5.4/libexec"/>
    <property name="file.separator" value="/"/>
    <property name="java.vendor.url.bug" value="http://bugreport.sun.com/bugreport/"/>
    <property name="sun.cpu.endian" value="little"/>
    <property name="sun.io.unicode.encoding" value="UnicodeBig"/>
    <property name="socksNonProxyHosts" value="local|*.local|169.254/16|*.169.254/16"/>
    <property name="ftp.nonProxyHosts" value="local|*.local|169.254/16|*.169.254/16"/>
    <property name="sun.cpu.isalist" value=""/>
  </properties>
  <testcase name="feature" classname="TestRunner" time="29.955">
    <failure message="org.openqa.selenium.NoSuchElementException: no such element: Unable to locate element: {&quot;method&quot;:&quot;xpath&quot;,&quot;selector&quot;:&quot;//*[text()=&apos;My Account&apos;]&quot;}&#10;  (Session info: chrome=69.0.3497.100)&#10;  (Driver info: chromedriver=2.42.591059 (a3d9684d10d61aa0c45f6723b327283be1ebaad8),platform=Mac OS X 10.13.3 x86_64) (WARNING: The server did not provide any stacktrace information)&#10;Command duration or timeout: 0 milliseconds&#10;For documentation on this error, please visit: http://seleniumhq.org/exceptions/no_such_element.html&#10;Build info: version: &apos;3.14.0&apos;, revision: &apos;aacccce0&apos;, time: &apos;2018-08-02T20:19:58.91Z&apos;&#10;System info: host: &apos;Amrits-MacBook-Pro.local&apos;, ip: &apos;fe80:0:0:0:a4:1217:689a:77c7%en0&apos;, os.name: &apos;Mac OS X&apos;, os.arch: &apos;x86_64&apos;, os.version: &apos;10.13.3&apos;, java.version: &apos;1.8.0_181&apos;&#10;Driver info: org.openqa.selenium.chrome.ChromeDriver&#10;Capabilities {acceptInsecureCerts: false, acceptSslCerts: false, applicationCacheEnabled: false, browserConnectionEnabled: false, browserName: chrome, chrome: {chromedriverVersion: 2.42.591059 (a3d9684d10d61a..., userDataDir: /var/folders/vm/wzmsqpxj11g...}, cssSelectorsEnabled: true, databaseEnabled: false, goog:chromeOptions: {debuggerAddress: localhost:49415}, handlesAlerts: true, hasTouchScreen: false, javascriptEnabled: true, locationContextEnabled: true, mobileEmulationEnabled: false, nativeEvents: true, networkConnectionEnabled: false, pageLoadStrategy: normal, platform: MAC, platformName: MAC, rotatable: false, setWindowRect: true, takesHeapSnapshot: true, takesScreenshot: true, unexpectedAlertBehaviour: , unhandledPromptBehavior: , version: 69.0.3497.100, webStorageEnabled: true}&#10;Session ID: d31bff54cb467d0a1070a34c20a5f987&#10;*** Element info: {Using=xpath, value=//*[text()=&apos;My Account&apos;]}" type="cucumber.runtime.CucumberException">cucumber.runtime.CucumberException: org.openqa.selenium.NoSuchElementException: no such element: Unable to locate element: {"method":"xpath","selector":"//*[text()='My Account']"}
  (Session info: chrome=69.0.3497.100)
  (Driver info: chromedriver=2.42.591059 (a3d9684d10d61aa0c45f6723b327283be1ebaad8),platform=Mac OS X 10.13.3 x86_64) (WARNING: The server did not provide any stacktrace information)
Command duration or timeout: 0 milliseconds
For documentation on this error, please visit: http://seleniumhq.org/exceptions/no_such_element.html
Build info: version: '3.14.0', revision: 'aacccce0', time: '2018-08-02T20:19:58.91Z'
System info: host: 'Amrits-MacBook-Pro.local', ip: 'fe80:0:0:0:a4:1217:689a:77c7%en0', os.name: 'Mac OS X', os.arch: 'x86_64', os.version: '10.13.3', java.version: '1.8.0_181'
Driver info: org.openqa.selenium.chrome.ChromeDriver
Capabilities {acceptInsecureCerts: false, acceptSslCerts: false, applicationCacheEnabled: false, browserConnectionEnabled: false, browserName: chrome, chrome: {chromedriverVersion: 2.42.591059 (a3d9684d10d61a..., userDataDir: /var/folders/vm/wzmsqpxj11g...}, cssSelectorsEnabled: true, databaseEnabled: false, goog:chromeOptions: {debuggerAddress: localhost:49415}, handlesAlerts: true, hasTouchScreen: false, javascriptEnabled: true, locationContextEnabled: true, mobileEmulationEnabled: false, nativeEvents: true, networkConnectionEnabled: false, pageLoadStrategy: normal, platform: MAC, platformName: MAC, rotatable: false, setWindowRect: true, takesHeapSnapshot: true, takesScreenshot: true, unexpectedAlertBehaviour: , unhandledPromptBehavior: , version: 69.0.3497.100, webStorageEnabled: true}
Session ID: d31bff54cb467d0a1070a34c20a5f987
*** Element info: {Using=xpath, value=//*[text()='My Account']}
	at sun.reflect.NativeConstructorAccessorImpl.newInstance0(Native Method)
	at sun.reflect.NativeConstructorAccessorImpl.newInstance(NativeConstructorAccessorImpl.java:62)
	at sun.reflect.DelegatingConstructorAccessorImpl.newInstance(DelegatingConstructorAccessorImpl.java:45)
	at java.lang.reflect.Constructor.newInstance(Constructor.java:423)
	at org.openqa.selenium.remote.ErrorHandler.createThrowable(ErrorHandler.java:214)
	at org.openqa.selenium.remote.ErrorHandler.throwIfResponseFailed(ErrorHandler.java:166)
	at org.openqa.selenium.remote.http.JsonHttpResponseCodec.reconstructValue(JsonHttpResponseCodec.java:40)
	at org.openqa.selenium.remote.http.AbstractHttpResponseCodec.decode(AbstractHttpResponseCodec.java:80)
	at org.openqa.selenium.remote.http.AbstractHttpResponseCodec.decode(AbstractHttpResponseCodec.java:44)
	at org.openqa.selenium.remote.HttpCommandExecutor.execute(HttpCommandExecutor.java:158)
	at org.openqa.selenium.remote.service.DriverCommandExecutor.execute(DriverCommandExecutor.java:83)
	at org.openqa.selenium.remote.RemoteWebDriver.execute(RemoteWebDriver.java:548)
	at org.openqa.selenium.remote.RemoteWebDriver.findElement(RemoteWebDriver.java:322)
	at org.openqa.selenium.remote.RemoteWebDriver.findElementByXPath(RemoteWebDriver.java:424)
	at org.openqa.selenium.By$ByXPath.findElement(By.java:353)
	at org.openqa.selenium.remote.RemoteWebDriver.findElement(RemoteWebDriver.java:314)
	at stepdefs.StepDefinitions.i_should_see_the_button(StepDefinitions.java:48)
	at ✽.And I should see the "My Account" button(LoginProfile.feature:16)
</failure>
    <system-out><![CDATA[10
11
before setBrowser: browserId: 0 browserString: firefoxbefore setBrowser: browserId: 0 browserString: chromeafter setBrowser: browserId: 0 browserString: chromeafter setBrowser: browserId: 1 browserString: firefox@LoginProfile
@LoginProfile
Feature: Login Profile
Feature: Login Profile
  As an customer of the company
  I want to login my customer profile using my credentials
  In order to make a purchase
  As an customer of the company
  I want to login my customer profile using my credentials
  In order to make a purchase
getBrowser: browserId: 0getBrowser: browserId: 0getBrowser: browserId: 0getBrowser: browserId: 0
  Background: User navigates to Company home page                    &amp#27;[90m# LoginProfile.feature:7&amp#27;[0m
    &amp#27;[32mGiven &amp#27;[0m&amp#27;[32mI am on the "&amp#27;[0m&amp#27;[32m&amp#27;[1mFlipkart home&amp#27;[0m&amp#27;[32m" page on URL "&amp#27;[0m&amp#27;[32m&amp#27;[1mwww.flipkart.com&amp#27;[0m&amp#27;[32m"&amp#27;[0m &amp#27;[90m# StepDefinitions.i_am_on_the_page_on_URL(String,String)&amp#27;[0m
    &amp#27;[32mThen &amp#27;[0m&amp#27;[32mI should see "&amp#27;[0m&amp#27;[32m&amp#27;[1mLogin & Signup&amp#27;[0m&amp#27;[32m" message&amp#27;[0m                       &amp#27;[90m# StepDefinitions.i_should_see_message(String)&amp#27;[0m
    &amp#27;[32mAnd &amp#27;[0m&amp#27;[32mI click on the "&amp#27;[0m&amp#27;[32m&amp#27;[1mLogin & Signup&amp#27;[0m&amp#27;[32m" button&amp#27;[0m                       &amp#27;[90m# StepDefinitions.i_click_on_the_button(String)&amp#27;[0m

  Background: User navigates to Company home page                    &amp#27;[90m# LoginProfile.feature:7&amp#27;[0m
    &amp#27;[32mGiven &amp#27;[0m&amp#27;[32mI am on the "&amp#27;[0m&amp#27;[32m&amp#27;[1mFlipkart home&amp#27;[0m&amp#27;[32m" page on URL "&amp#27;[0m&amp#27;[32m&amp#27;[1mwww.flipkart.com&amp#27;[0m&amp#27;[32m"&amp#27;[0m &amp#27;[90m# StepDefinitions.i_am_on_the_page_on_URL(String,String)&amp#27;[0m
    &amp#27;[32mThen &amp#27;[0m&amp#27;[32mI should see "&amp#27;[0m&amp#27;[32m&amp#27;[1mLogin & Signup&amp#27;[0m&amp#27;[32m" message&amp#27;[0m                       &amp#27;[90m# StepDefinitions.i_should_see_message(String)&amp#27;[0m
    &amp#27;[32mAnd &amp#27;[0m&amp#27;[32mI click on the "&amp#27;[0m&amp#27;[32m&amp#27;[1mLogin & Signup&amp#27;[0m&amp#27;[32m" button&amp#27;[0m                       &amp#27;[90m# StepDefinitions.i_click_on_the_button(String)&amp#27;[0m


  Scenario: Successful login                    &amp#27;[90m# LoginProfile.feature:12&amp#27;[0m
  Scenario: Successful login                    &amp#27;[90m# LoginProfile.feature:12&amp#27;[0m
    &amp#27;[32mWhen &amp#27;[0m&amp#27;[32mI fill in "&amp#27;[0m&amp#27;[32m&amp#27;[1mUsername&amp#27;[0m&amp#27;[32m" with "&amp#27;[0m&amp#27;[32m&amp#27;[1m8596096645&amp#27;[0m&amp#27;[32m"&amp#27;[0m &amp#27;[90m# StepDefinitions.i_fill_in_with(String,String)&amp#27;[0m
    &amp#27;[32mWhen &amp#27;[0m&amp#27;[32mI fill in "&amp#27;[0m&amp#27;[32m&amp#27;[1mUsername&amp#27;[0m&amp#27;[32m" with "&amp#27;[0m&amp#27;[32m&amp#27;[1m8596096645&amp#27;[0m&amp#27;[32m"&amp#27;[0m &amp#27;[90m# StepDefinitions.i_fill_in_with(String,String)&amp#27;[0m
    &amp#27;[32mAnd &amp#27;[0m&amp#27;[32mI fill in "&amp#27;[0m&amp#27;[32m&amp#27;[1mPassword&amp#27;[0m&amp#27;[32m" with "&amp#27;[0m&amp#27;[32m&amp#27;[1mAmzy@080194&amp#27;[0m&amp#27;[32m"&amp#27;[0m &amp#27;[90m# StepDefinitions.i_fill_in_with(String,String)&amp#27;[0m
    &amp#27;[32mAnd &amp#27;[0m&amp#27;[32mI fill in "&amp#27;[0m&amp#27;[32m&amp#27;[1mPassword&amp#27;[0m&amp#27;[32m" with "&amp#27;[0m&amp#27;[32m&amp#27;[1mAmzy@080194&amp#27;[0m&amp#27;[32m"&amp#27;[0m &amp#27;[90m# StepDefinitions.i_fill_in_with(String,String)&amp#27;[0m
    &amp#27;[32mAnd &amp#27;[0m&amp#27;[32mI click on the "&amp#27;[0m&amp#27;[32m&amp#27;[1mLogin&amp#27;[0m&amp#27;[32m" button&amp#27;[0m           &amp#27;[90m# StepDefinitions.i_click_on_the_button(String)&amp#27;[0m
    &amp#27;[32mAnd &amp#27;[0m&amp#27;[32mI click on the "&amp#27;[0m&amp#27;[32m&amp#27;[1mLogin&amp#27;[0m&amp#27;[32m" button&amp#27;[0m           &amp#27;[90m# StepDefinitions.i_click_on_the_button(String)&amp#27;[0m
    &amp#27;[31mAnd &amp#27;[0m&amp#27;[31mI should see the "&amp#27;[0m&amp#27;[31m&amp#27;[1mMy Account&amp#27;[0m&amp#27;[31m" button&amp#27;[0m    &amp#27;[90m# StepDefinitions.i_should_see_the_button(String)&amp#27;[0m
    &amp#27;[31mAnd &amp#27;[0m&amp#27;[31mI should see the "&amp#27;[0m&amp#27;[31m&amp#27;[1mMy Account&amp#27;[0m&amp#27;[31m" button&amp#27;[0m    &amp#27;[90m# StepDefinitions.i_should_see_the_button(String)&amp#27;[0m
      &amp#27;[31morg.openqa.selenium.NoSuchElementException: no such element: Unable to locate element: {"method":"xpath","selector":"//*[text()='My Account']"}
        (Session info: chrome=69.0.3497.100)
        (Driver info: chromedriver=2.42.591059 (a3d9684d10d61aa0c45f6723b327283be1ebaad8),platform=Mac OS X 10.13.3 x86_64) (WARNING: The server did not provide any stacktrace information)
      Command duration or timeout: 0 milliseconds
      For documentation on this error, please visit: http://seleniumhq.org/exceptions/no_such_element.html
      Build info: version: '3.14.0', revision: 'aacccce0', time: '2018-08-02T20:19:58.91Z'
      System info: host: 'Amrits-MacBook-Pro.local', ip: 'fe80:0:0:0:a4:1217:689a:77c7%en0', os.name: 'Mac OS X', os.arch: 'x86_64', os.version: '10.13.3', java.version: '1.8.0_181'
      Driver info: org.openqa.selenium.chrome.ChromeDriver
      Capabilities {acceptInsecureCerts: false, acceptSslCerts: false, applicationCacheEnabled: false, browserConnectionEnabled: false, browserName: chrome, chrome: {chromedriverVersion: 2.42.591059 (a3d9684d10d61a..., userDataDir: /var/folders/vm/wzmsqpxj11g...}, cssSelectorsEnabled: true, databaseEnabled: false, goog:chromeOptions: {debuggerAddress: localhost:49415}, handlesAlerts: true, hasTouchScreen: false, javascriptEnabled: true, locationContextEnabled: true, mobileEmulationEnabled: false, nativeEvents: true, networkConnectionEnabled: false, pageLoadStrategy: normal, platform: MAC, platformName: MAC, rotatable: false, setWindowRect: true, takesHeapSnapshot: true, takesScreenshot: true, unexpectedAlertBehaviour: , unhandledPromptBehavior: , version: 69.0.3497.100, webStorageEnabled: true}
      Session ID: d31bff54cb467d0a1070a34c20a5f987
      *** Element info: {Using=xpath, value=//*[text()='My Account']}
      	at sun.reflect.NativeConstructorAccessorImpl.newInstance0(Native Method)
      	at sun.reflect.NativeConstructorAccessorImpl.newInstance(NativeConstructorAccessorImpl.java:62)
      	at sun.reflect.DelegatingConstructorAccessorImpl.newInstance(DelegatingConstructorAccessorImpl.java:45)
      	at java.lang.reflect.Constructor.newInstance(Constructor.java:423)
      	at org.openqa.selenium.remote.ErrorHandler.createThrowable(ErrorHandler.java:214)
      	at org.openqa.selenium.remote.ErrorHandler.throwIfResponseFailed(ErrorHandler.java:166)
      	at org.openqa.selenium.remote.http.JsonHttpResponseCodec.reconstructValue(JsonHttpResponseCodec.java:40)
      	at org.openqa.selenium.remote.http.AbstractHttpResponseCodec.decode(AbstractHttpResponseCodec.java:80)
      	at org.openqa.selenium.remote.http.AbstractHttpResponseCodec.decode(AbstractHttpResponseCodec.java:44)
      	at org.openqa.selenium.remote.HttpCommandExecutor.execute(HttpCommandExecutor.java:158)
      	at org.openqa.selenium.remote.service.DriverCommandExecutor.execute(DriverCommandExecutor.java:83)
      	at org.openqa.selenium.remote.RemoteWebDriver.execute(RemoteWebDriver.java:548)
      	at org.openqa.selenium.remote.RemoteWebDriver.findElement(RemoteWebDriver.java:322)
      	at org.openqa.selenium.remote.RemoteWebDriver.findElementByXPath(RemoteWebDriver.java:424)
      	at org.openqa.selenium.By$ByXPath.findElement(By.java:353)
      	at org.openqa.selenium.remote.RemoteWebDriver.findElement(RemoteWebDriver.java:314)
      	at stepdefs.StepDefinitions.i_should_see_the_button(StepDefinitions.java:48)
      	at ?.And I should see the "My Account" button(LoginProfile.feature:16)
      &amp#27;[0m
      &amp#27;[31morg.openqa.selenium.NoSuchElementException: no such element: Unable to locate element: {"method":"xpath","selector":"//*[text()='My Account']"}
        (Session info: chrome=69.0.3497.100)
        (Driver info: chromedriver=2.42.591059 (a3d9684d10d61aa0c45f6723b327283be1ebaad8),platform=Mac OS X 10.13.3 x86_64) (WARNING: The server did not provide any stacktrace information)
      Command duration or timeout: 0 milliseconds
      For documentation on this error, please visit: http://seleniumhq.org/exceptions/no_such_element.html
      Build info: version: '3.14.0', revision: 'aacccce0', time: '2018-08-02T20:19:58.91Z'
      System info: host: 'Amrits-MacBook-Pro.local', ip: 'fe80:0:0:0:a4:1217:689a:77c7%en0', os.name: 'Mac OS X', os.arch: 'x86_64', os.version: '10.13.3', java.version: '1.8.0_181'
      Driver info: org.openqa.selenium.chrome.ChromeDriver
      Capabilities {acceptInsecureCerts: false, acceptSslCerts: false, applicationCacheEnabled: false, browserConnectionEnabled: false, browserName: chrome, chrome: {chromedriverVersion: 2.42.591059 (a3d9684d10d61a..., userDataDir: /var/folders/vm/wzmsqpxj11g...}, cssSelectorsEnabled: true, databaseEnabled: false, goog:chromeOptions: {debuggerAddress: localhost:49415}, handlesAlerts: true, hasTouchScreen: false, javascriptEnabled: true, locationContextEnabled: true, mobileEmulationEnabled: false, nativeEvents: true, networkConnectionEnabled: false, pageLoadStrategy: normal, platform: MAC, platformName: MAC, rotatable: false, setWindowRect: true, takesHeapSnapshot: true, takesScreenshot: true, unexpectedAlertBehaviour: , unhandledPromptBehavior: , version: 69.0.3497.100, webStorageEnabled: true}
      Session ID: d31bff54cb467d0a1070a34c20a5f987
      *** Element info: {Using=xpath, value=//*[text()='My Account']}
      	at sun.reflect.NativeConstructorAccessorImpl.newInstance0(Native Method)
      	at sun.reflect.NativeConstructorAccessorImpl.newInstance(NativeConstructorAccessorImpl.java:62)
      	at sun.reflect.DelegatingConstructorAccessorImpl.newInstance(DelegatingConstructorAccessorImpl.java:45)
      	at java.lang.reflect.Constructor.newInstance(Constructor.java:423)
      	at org.openqa.selenium.remote.ErrorHandler.createThrowable(ErrorHandler.java:214)
      	at org.openqa.selenium.remote.ErrorHandler.throwIfResponseFailed(ErrorHandler.java:166)
      	at org.openqa.selenium.remote.http.JsonHttpResponseCodec.reconstructValue(JsonHttpResponseCodec.java:40)
      	at org.openqa.selenium.remote.http.AbstractHttpResponseCodec.decode(AbstractHttpResponseCodec.java:80)
      	at org.openqa.selenium.remote.http.AbstractHttpResponseCodec.decode(AbstractHttpResponseCodec.java:44)
      	at org.openqa.selenium.remote.HttpCommandExecutor.execute(HttpCommandExecutor.java:158)
      	at org.openqa.selenium.remote.service.DriverCommandExecutor.execute(DriverCommandExecutor.java:83)
      	at org.openqa.selenium.remote.RemoteWebDriver.execute(RemoteWebDriver.java:548)
      	at org.openqa.selenium.remote.RemoteWebDriver.findElement(RemoteWebDriver.java:322)
      	at org.openqa.selenium.remote.RemoteWebDriver.findElementByXPath(RemoteWebDriver.java:424)
      	at org.openqa.selenium.By$ByXPath.findElement(By.java:353)
      	at org.openqa.selenium.remote.RemoteWebDriver.findElement(RemoteWebDriver.java:314)
      	at stepdefs.StepDefinitions.i_should_see_the_button(StepDefinitions.java:48)
      	at ?.And I should see the "My Account" button(LoginProfile.feature:16)
      &amp#27;[0m

  Scenario Outline: Failed login using wrong credentials &amp#27;[90m# LoginProfile.feature:19&amp#27;[0m
    &amp#27;[36mWhen &amp#27;[0m&amp#27;[36mI fill in "Username" with "<username>"&amp#27;[0m
    &amp#27;[36mAnd &amp#27;[0m&amp#27;[36mI fill in "Password" with "<password>"&amp#27;[0m
    &amp#27;[36mAnd &amp#27;[0m&amp#27;[36mI click on the "Login" button&amp#27;[0m
    &amp#27;[36mAnd &amp#27;[0m&amp#27;[36mI should see "<warning>" message&amp#27;[0m

    Examples: 

  Scenario Outline: Failed login using wrong credentials &amp#27;[90m# LoginProfile.feature:19&amp#27;[0m
    &amp#27;[36mWhen &amp#27;[0m&amp#27;[36mI fill in "Username" with "<username>"&amp#27;[0m
    &amp#27;[36mAnd &amp#27;[0m&amp#27;[36mI fill in "Password" with "<password>"&amp#27;[0m
    &amp#27;[36mAnd &amp#27;[0m&amp#27;[36mI click on the "Login" button&amp#27;[0m
    &amp#27;[36mAnd &amp#27;[0m&amp#27;[36mI should see "<warning>" message&amp#27;[0m

    Examples: 
getBrowser: browserId: 0getBrowser: browserId: 0getBrowser: browserId: 0getBrowser: browserId: 0
  Background: User navigates to Company home page                    &amp#27;[90m# LoginProfile.feature:7&amp#27;[0m
    &amp#27;[32mGiven &amp#27;[0m&amp#27;[32mI am on the "&amp#27;[0m&amp#27;[32m&amp#27;[1mFlipkart home&amp#27;[0m&amp#27;[32m" page on URL "&amp#27;[0m&amp#27;[32m&amp#27;[1mwww.flipkart.com&amp#27;[0m&amp#27;[32m"&amp#27;[0m &amp#27;[90m# StepDefinitions.i_am_on_the_page_on_URL(String,String)&amp#27;[0m
    &amp#27;[32mThen &amp#27;[0m&amp#27;[32mI should see "&amp#27;[0m&amp#27;[32m&amp#27;[1mLogin & Signup&amp#27;[0m&amp#27;[32m" message&amp#27;[0m                       &amp#27;[90m# StepDefinitions.i_should_see_message(String)&amp#27;[0m
    &amp#27;[32mAnd &amp#27;[0m&amp#27;[32mI click on the "&amp#27;[0m&amp#27;[32m&amp#27;[1mLogin & Signup&amp#27;[0m&amp#27;[32m" button&amp#27;[0m                       &amp#27;[90m# StepDefinitions.i_click_on_the_button(String)&amp#27;[0m

  Background: User navigates to Company home page                    &amp#27;[90m# LoginProfile.feature:7&amp#27;[0m
    &amp#27;[32mGiven &amp#27;[0m&amp#27;[32mI am on the "&amp#27;[0m&amp#27;[32m&amp#27;[1mFlipkart home&amp#27;[0m&amp#27;[32m" page on URL "&amp#27;[0m&amp#27;[32m&amp#27;[1mwww.flipkart.com&amp#27;[0m&amp#27;[32m"&amp#27;[0m &amp#27;[90m# StepDefinitions.i_am_on_the_page_on_URL(String,String)&amp#27;[0m
    &amp#27;[32mThen &amp#27;[0m&amp#27;[32mI should see "&amp#27;[0m&amp#27;[32m&amp#27;[1mLogin & Signup&amp#27;[0m&amp#27;[32m" message&amp#27;[0m                       &amp#27;[90m# StepDefinitions.i_should_see_message(String)&amp#27;[0m
    &amp#27;[32mAnd &amp#27;[0m&amp#27;[32mI click on the "&amp#27;[0m&amp#27;[32m&amp#27;[1mLogin & Signup&amp#27;[0m&amp#27;[32m" button&amp#27;[0m                       &amp#27;[90m# StepDefinitions.i_click_on_the_button(String)&amp#27;[0m
getBrowser: browserId: 0getBrowser: browserId: 0getBrowser: browserId: 0
  @LoginProfile
  Scenario Outline: Failed login using wrong credentials                 &amp#27;[90m# LoginProfile.feature:26&amp#27;[0m
    &amp#27;[32mWhen &amp#27;[0m&amp#27;[32mI fill in "&amp#27;[0m&amp#27;[32m&amp#27;[1mUsername&amp#27;[0m&amp#27;[32m" with "&amp#27;[0m&amp#27;[32m&amp#27;[1mTest&amp#27;[0m&amp#27;[32m"&amp#27;[0m                                &amp#27;[90m# StepDefinitions.i_fill_in_with(String,String)&amp#27;[0m
    &amp#27;[32mAnd &amp#27;[0m&amp#27;[32mI fill in "&amp#27;[0m&amp#27;[32m&amp#27;[1mPassword&amp#27;[0m&amp#27;[32m" with "&amp#27;[0m&amp#27;[32m&amp#27;[1m!23&amp#27;[0m&amp#27;[32m"&amp#27;[0m                                  &amp#27;[90m# StepDefinitions.i_fill_in_with(String,String)&amp#27;[0m
    &amp#27;[32mAnd &amp#27;[0m&amp#27;[32mI click on the "&amp#27;[0m&amp#27;[32m&amp#27;[1mLogin&amp#27;[0m&amp#27;[32m" button&amp#27;[0m                                    &amp#27;[90m# StepDefinitions.i_click_on_the_button(String)&amp#27;[0m
    &amp#27;[32mAnd &amp#27;[0m&amp#27;[32mI should see "&amp#27;[0m&amp#27;[32m&amp#27;[1mPlease enter valid Email ID/Mobile number&amp#27;[0m&amp#27;[32m" message&amp#27;[0m &amp#27;[90m# StepDefinitions.i_should_see_message(String)&amp#27;[0m
getBrowser: browserId: 0
  @LoginProfile
  Scenario Outline: Failed login using wrong credentials                 &amp#27;[90m# LoginProfile.feature:26&amp#27;[0m
    &amp#27;[32mWhen &amp#27;[0m&amp#27;[32mI fill in "&amp#27;[0m&amp#27;[32m&amp#27;[1mUsername&amp#27;[0m&amp#27;[32m" with "&amp#27;[0m&amp#27;[32m&amp#27;[1mTest&amp#27;[0m&amp#27;[32m"&amp#27;[0m                                &amp#27;[90m# StepDefinitions.i_fill_in_with(String,String)&amp#27;[0m
    &amp#27;[32mAnd &amp#27;[0m&amp#27;[32mI fill in "&amp#27;[0m&amp#27;[32m&amp#27;[1mPassword&amp#27;[0m&amp#27;[32m" with "&amp#27;[0m&amp#27;[32m&amp#27;[1m!23&amp#27;[0m&amp#27;[32m"&amp#27;[0m                                  &amp#27;[90m# StepDefinitions.i_fill_in_with(String,String)&amp#27;[0m
    &amp#27;[32mAnd &amp#27;[0m&amp#27;[32mI click on the "&amp#27;[0m&amp#27;[32m&amp#27;[1mLogin&amp#27;[0m&amp#27;[32m" button&amp#27;[0m                                    &amp#27;[90m# StepDefinitions.i_click_on_the_button(String)&amp#27;[0m
    &amp#27;[32mAnd &amp#27;[0m&amp#27;[32mI should see "&amp#27;[0m&amp#27;[32m&amp#27;[1mPlease enter valid Email ID/Mobile number&amp#27;[0m&amp#27;[32m" message&amp#27;[0m &amp#27;[90m# StepDefinitions.i_should_see_message(String)&amp#27;[0m

  Background: User navigates to Company home page                    &amp#27;[90m# LoginProfile.feature:7&amp#27;[0m
    &amp#27;[32mGiven &amp#27;[0m&amp#27;[32mI am on the "&amp#27;[0m&amp#27;[32m&amp#27;[1mFlipkart home&amp#27;[0m&amp#27;[32m" page on URL "&amp#27;[0m&amp#27;[32m&amp#27;[1mwww.flipkart.com&amp#27;[0m&amp#27;[32m"&amp#27;[0m &amp#27;[90m# StepDefinitions.i_am_on_the_page_on_URL(String,String)&amp#27;[0m
    &amp#27;[32mThen &amp#27;[0m&amp#27;[32mI should see "&amp#27;[0m&amp#27;[32m&amp#27;[1mLogin & Signup&amp#27;[0m&amp#27;[32m" message&amp#27;[0m                       &amp#27;[90m# StepDefinitions.i_should_see_message(String)&amp#27;[0m
    &amp#27;[32mAnd &amp#27;[0m&amp#27;[32mI click on the "&amp#27;[0m&amp#27;[32m&amp#27;[1mLogin & Signup&amp#27;[0m&amp#27;[32m" button&amp#27;[0m                       &amp#27;[90m# StepDefinitions.i_click_on_the_button(String)&amp#27;[0m

  Background: User navigates to Company home page                    &amp#27;[90m# LoginProfile.feature:7&amp#27;[0m
    &amp#27;[32mGiven &amp#27;[0m&amp#27;[32mI am on the "&amp#27;[0m&amp#27;[32m&amp#27;[1mFlipkart home&amp#27;[0m&amp#27;[32m" page on URL "&amp#27;[0m&amp#27;[32m&amp#27;[1mwww.flipkart.com&amp#27;[0m&amp#27;[32m"&amp#27;[0m &amp#27;[90m# StepDefinitions.i_am_on_the_page_on_URL(String,String)&amp#27;[0m
    &amp#27;[32mThen &amp#27;[0m&amp#27;[32mI should see "&amp#27;[0m&amp#27;[32m&amp#27;[1mLogin & Signup&amp#27;[0m&amp#27;[32m" message&amp#27;[0m                       &amp#27;[90m# StepDefinitions.i_should_see_message(String)&amp#27;[0m
    &amp#27;[32mAnd &amp#27;[0m&amp#27;[32mI click on the "&amp#27;[0m&amp#27;[32m&amp#27;[1mLogin & Signup&amp#27;[0m&amp#27;[32m" button&amp#27;[0m                       &amp#27;[90m# StepDefinitions.i_click_on_the_button(String)&amp#27;[0m
getBrowser: browserId: 0getBrowser: browserId: 0getBrowser: browserId: 0
  @LoginProfile
  Scenario Outline: Failed login using wrong credentials                 &amp#27;[90m# LoginProfile.feature:27&amp#27;[0m
    &amp#27;[32mWhen &amp#27;[0m&amp#27;[32mI fill in "&amp#27;[0m&amp#27;[32m&amp#27;[1mUsername&amp#27;[0m&amp#27;[32m" with "&amp#27;[0m&amp#27;[32m&amp#27;[1mTset&amp#27;[0m&amp#27;[32m"&amp#27;[0m                                &amp#27;[90m# StepDefinitions.i_fill_in_with(String,String)&amp#27;[0m
    &amp#27;[32mAnd &amp#27;[0m&amp#27;[32mI fill in "&amp#27;[0m&amp#27;[32m&amp#27;[1mPassword&amp#27;[0m&amp#27;[32m" with "&amp#27;[0m&amp#27;[32m&amp#27;[1m123&amp#27;[0m&amp#27;[32m"&amp#27;[0m                                  &amp#27;[90m# StepDefinitions.i_fill_in_with(String,String)&amp#27;[0m
    &amp#27;[32mAnd &amp#27;[0m&amp#27;[32mI click on the "&amp#27;[0m&amp#27;[32m&amp#27;[1mLogin&amp#27;[0m&amp#27;[32m" button&amp#27;[0m                                    &amp#27;[90m# StepDefinitions.i_click_on_the_button(String)&amp#27;[0m
    &amp#27;[32mAnd &amp#27;[0m&amp#27;[32mI should see "&amp#27;[0m&amp#27;[32m&amp#27;[1mPlease enter valid Email ID/Mobile number&amp#27;[0m&amp#27;[32m" message&amp#27;[0m &amp#27;[90m# StepDefinitions.i_should_see_message(String)&amp#27;[0m
getBrowser: browserId: 0
  @LoginProfile
  Scenario Outline: Failed login using wrong credentials                 &amp#27;[90m# LoginProfile.feature:27&amp#27;[0m
    &amp#27;[32mWhen &amp#27;[0m&amp#27;[32mI fill in "&amp#27;[0m&amp#27;[32m&amp#27;[1mUsername&amp#27;[0m&amp#27;[32m" with "&amp#27;[0m&amp#27;[32m&amp#27;[1mTset&amp#27;[0m&amp#27;[32m"&amp#27;[0m                                &amp#27;[90m# StepDefinitions.i_fill_in_with(String,String)&amp#27;[0m
    &amp#27;[32mAnd &amp#27;[0m&amp#27;[32mI fill in "&amp#27;[0m&amp#27;[32m&amp#27;[1mPassword&amp#27;[0m&amp#27;[32m" with "&amp#27;[0m&amp#27;[32m&amp#27;[1m123&amp#27;[0m&amp#27;[32m"&amp#27;[0m                                  &amp#27;[90m# StepDefinitions.i_fill_in_with(String,String)&amp#27;[0m
    &amp#27;[32mAnd &amp#27;[0m&amp#27;[32mI click on the "&amp#27;[0m&amp#27;[32m&amp#27;[1mLogin&amp#27;[0m&amp#27;[32m" button&amp#27;[0m                                    &amp#27;[90m# StepDefinitions.i_click_on_the_button(String)&amp#27;[0m
    &amp#27;[32mAnd &amp#27;[0m&amp#27;[32mI should see "&amp#27;[0m&amp#27;[32m&amp#27;[1mPlease enter valid Email ID/Mobile number&amp#27;[0m&amp#27;[32m" message&amp#27;[0m &amp#27;[90m# StepDefinitions.i_should_see_message(String)&amp#27;[0m

  Background: User navigates to Company home page                    &amp#27;[90m# LoginProfile.feature:7&amp#27;[0m
    &amp#27;[32mGiven &amp#27;[0m&amp#27;[32mI am on the "&amp#27;[0m&amp#27;[32m&amp#27;[1mFlipkart home&amp#27;[0m&amp#27;[32m" page on URL "&amp#27;[0m&amp#27;[32m&amp#27;[1mwww.flipkart.com&amp#27;[0m&amp#27;[32m"&amp#27;[0m &amp#27;[90m# StepDefinitions.i_am_on_the_page_on_URL(String,String)&amp#27;[0m
    &amp#27;[32mThen &amp#27;[0m&amp#27;[32mI should see "&amp#27;[0m&amp#27;[32m&amp#27;[1mLogin & Signup&amp#27;[0m&amp#27;[32m" message&amp#27;[0m                       &amp#27;[90m# StepDefinitions.i_should_see_message(String)&amp#27;[0m
    &amp#27;[32mAnd &amp#27;[0m&amp#27;[32mI click on the "&amp#27;[0m&amp#27;[32m&amp#27;[1mLogin & Signup&amp#27;[0m&amp#27;[32m" button&amp#27;[0m                       &amp#27;[90m# StepDefinitions.i_click_on_the_button(String)&amp#27;[0m

  Background: User navigates to Company home page                    &amp#27;[90m# LoginProfile.feature:7&amp#27;[0m
    &amp#27;[32mGiven &amp#27;[0m&amp#27;[32mI am on the "&amp#27;[0m&amp#27;[32m&amp#27;[1mFlipkart home&amp#27;[0m&amp#27;[32m" page on URL "&amp#27;[0m&amp#27;[32m&amp#27;[1mwww.flipkart.com&amp#27;[0m&amp#27;[32m"&amp#27;[0m &amp#27;[90m# StepDefinitions.i_am_on_the_page_on_URL(String,String)&amp#27;[0m
    &amp#27;[32mThen &amp#27;[0m&amp#27;[32mI should see "&amp#27;[0m&amp#27;[32m&amp#27;[1mLogin & Signup&amp#27;[0m&amp#27;[32m" message&amp#27;[0m                       &amp#27;[90m# StepDefinitions.i_should_see_message(String)&amp#27;[0m
    &amp#27;[32mAnd &amp#27;[0m&amp#27;[32mI click on the "&amp#27;[0m&amp#27;[32m&amp#27;[1mLogin & Signup&amp#27;[0m&amp#27;[32m" button&amp#27;[0m                       &amp#27;[90m# StepDefinitions.i_click_on_the_button(String)&amp#27;[0m


  @LoginProfile
  @LoginProfile
  Scenario Outline: Failed login using wrong credentials                 &amp#27;[90m# LoginProfile.feature:28&amp#27;[0m
  Scenario Outline: Failed login using wrong credentials                 &amp#27;[90m# LoginProfile.feature:28&amp#27;[0m
    &amp#27;[32mWhen &amp#27;[0m&amp#27;[32mI fill in "&amp#27;[0m&amp#27;[32m&amp#27;[1mUsername&amp#27;[0m&amp#27;[32m" with "&amp#27;[0m&amp#27;[32m&amp#27;[1mTset&amp#27;[0m&amp#27;[32m"&amp#27;[0m                                &amp#27;[90m# StepDefinitions.i_fill_in_with(String,String)&amp#27;[0m
    &amp#27;[32mWhen &amp#27;[0m&amp#27;[32mI fill in "&amp#27;[0m&amp#27;[32m&amp#27;[1mUsername&amp#27;[0m&amp#27;[32m" with "&amp#27;[0m&amp#27;[32m&amp#27;[1mTset&amp#27;[0m&amp#27;[32m"&amp#27;[0m                                &amp#27;[90m# StepDefinitions.i_fill_in_with(String,String)&amp#27;[0m
    &amp#27;[32mAnd &amp#27;[0m&amp#27;[32mI fill in "&amp#27;[0m&amp#27;[32m&amp#27;[1mPassword&amp#27;[0m&amp#27;[32m" with "&amp#27;[0m&amp#27;[32m&amp#27;[1m!23&amp#27;[0m&amp#27;[32m"&amp#27;[0m                                  &amp#27;[90m# StepDefinitions.i_fill_in_with(String,String)&amp#27;[0m
    &amp#27;[32mAnd &amp#27;[0m&amp#27;[32mI fill in "&amp#27;[0m&amp#27;[32m&amp#27;[1mPassword&amp#27;[0m&amp#27;[32m" with "&amp#27;[0m&amp#27;[32m&amp#27;[1m!23&amp#27;[0m&amp#27;[32m"&amp#27;[0m                                  &amp#27;[90m# StepDefinitions.i_fill_in_with(String,String)&amp#27;[0m
    &amp#27;[32mAnd &amp#27;[0m&amp#27;[32mI click on the "&amp#27;[0m&amp#27;[32m&amp#27;[1mLogin&amp#27;[0m&amp#27;[32m" button&amp#27;[0m                                    &amp#27;[90m# StepDefinitions.i_click_on_the_button(String)&amp#27;[0m
    &amp#27;[32mAnd &amp#27;[0m&amp#27;[32mI click on the "&amp#27;[0m&amp#27;[32m&amp#27;[1mLogin&amp#27;[0m&amp#27;[32m" button&amp#27;[0m                                    &amp#27;[90m# StepDefinitions.i_click_on_the_button(String)&amp#27;[0m
    &amp#27;[32mAnd &amp#27;[0m&amp#27;[32mI should see "&amp#27;[0m&amp#27;[32m&amp#27;[1mPlease enter valid Email ID/Mobile number&amp#27;[0m&amp#27;[32m" message&amp#27;[0m &amp#27;[90m# StepDefinitions.i_should_see_message(String)&amp#27;[0m
    &amp#27;[32mAnd &amp#27;[0m&amp#27;[32mI should see "&amp#27;[0m&amp#27;[32m&amp#27;[1mPlease enter valid Email ID/Mobile number&amp#27;[0m&amp#27;[32m" message&amp#27;[0m &amp#27;[90m# StepDefinitions.i_should_see_message(String)&amp#27;[0m
]]></system-out>
    <system-err>Starting CStarting ChromeDriver 2.4hr2.591059 (oa3d9meDriver 2.42.5684d191059 (a3d096d61aa0c45f6784d120d61aa0c435f6723b327283bbe312eba7ad8) on port2 48464
Only local co3bnnections are allowed.
e1ebaad8) on port 48040
Only local connections are allowed.
Oct 09, 2018 5:12:13 PM org.openqa.selenium.remote.ProtocolHandshake createSession
INFO: Detected dialect: OSS
Oct 09, 2018 5:12:13 PM org.openqa.selenium.remote.ProtocolHandshake createSession
INFO: Detected dialect: OSS
Starting ChromeDriver 2.42.591059 (a3d9684d10d61aa0c45f6723b327283be1ebaad8) on port 3503
Only local connections are allowed.
Starting ChromeDriver 2.42.591059 (a3d9684d10d61aa0c45f6723b327283be1ebaad8) on port 6949
Only local connections are allowed.
Oct 09, 2018 5:12:28 PM org.openqa.selenium.remote.ProtocolHandshake createSession
INFO: Detected dialect: OSS
Oct 09, 2018 5:12:28 PM org.openqa.selenium.remote.ProtocolHandshake createSession
INFO: Detected dialect: OSS
Starting CStartihromeDring Chrver 2.42.591059 (a3d9omeDr684d10d61aa0c45f672iver 2.42.53b3291059 (a3d9684d10d61aa0c47283be15f6723b327283be1ebaad8) on pebaad8) on ort 34324
Oponly local conrt 3117
Only local connenections are allowed.
ctions are allowed.
Oct 09, 2018 5:12:32 PM org.openqa.selenium.remote.ProtocolHandshake createSession
INFO: Detected dialect: OSS
Oct 09, 2018 5:12:33 PM org.openqa.selenium.remote.ProtocolHandshake createSession
INFO: Detected dialect: OSS
StaStrtinarting ChromeDgriver 2.42.591059 (a3d9684d10d61aa0c Ch45fromeDri6723b327283be1ebaad8) on porver 2.42.5t 2910791059 (a3d9684
Ond10ly ld61aa0c45f67ocal connecti23b327283be1ebaad8) on portons are all 399owe05
Ond.
ly local connections are allowed.
Oct 09, 2018 5:12:37 PM org.openqa.selenium.remote.ProtocolHandshake createSession
INFO: Detected dialect: OSS
Oct 09, 2018 5:12:37 PM org.openqa.selenium.remote.ProtocolHandshake createSession
INFO: Detected dialect: OSS
</system-err>
  </testcase>
  <testcase name="feature" classname="TestRunner" time="29.959">
    <failure message="org.openqa.selenium.NoSuchElementException: no such element: Unable to locate element: {&quot;method&quot;:&quot;xpath&quot;,&quot;selector&quot;:&quot;//*[text()=&apos;My Account&apos;]&quot;}&#10;  (Session info: chrome=69.0.3497.100)&#10;  (Driver info: chromedriver=2.42.591059 (a3d9684d10d61aa0c45f6723b327283be1ebaad8),platform=Mac OS X 10.13.3 x86_64) (WARNING: The server did not provide any stacktrace information)&#10;Command duration or timeout: 0 milliseconds&#10;For documentation on this error, please visit: http://seleniumhq.org/exceptions/no_such_element.html&#10;Build info: version: &apos;3.14.0&apos;, revision: &apos;aacccce0&apos;, time: &apos;2018-08-02T20:19:58.91Z&apos;&#10;System info: host: &apos;Amrits-MacBook-Pro.local&apos;, ip: &apos;fe80:0:0:0:a4:1217:689a:77c7%en0&apos;, os.name: &apos;Mac OS X&apos;, os.arch: &apos;x86_64&apos;, os.version: &apos;10.13.3&apos;, java.version: &apos;1.8.0_181&apos;&#10;Driver info: org.openqa.selenium.chrome.ChromeDriver&#10;Capabilities {acceptInsecureCerts: false, acceptSslCerts: false, applicationCacheEnabled: false, browserConnectionEnabled: false, browserName: chrome, chrome: {chromedriverVersion: 2.42.591059 (a3d9684d10d61a..., userDataDir: /var/folders/vm/wzmsqpxj11g...}, cssSelectorsEnabled: true, databaseEnabled: false, goog:chromeOptions: {debuggerAddress: localhost:49415}, handlesAlerts: true, hasTouchScreen: false, javascriptEnabled: true, locationContextEnabled: true, mobileEmulationEnabled: false, nativeEvents: true, networkConnectionEnabled: false, pageLoadStrategy: normal, platform: MAC, platformName: MAC, rotatable: false, setWindowRect: true, takesHeapSnapshot: true, takesScreenshot: true, unexpectedAlertBehaviour: , unhandledPromptBehavior: , version: 69.0.3497.100, webStorageEnabled: true}&#10;Session ID: d31bff54cb467d0a1070a34c20a5f987&#10;*** Element info: {Using=xpath, value=//*[text()=&apos;My Account&apos;]}" type="cucumber.runtime.CucumberException">cucumber.runtime.CucumberException: org.openqa.selenium.NoSuchElementException: no such element: Unable to locate element: {"method":"xpath","selector":"//*[text()='My Account']"}
  (Session info: chrome=69.0.3497.100)
  (Driver info: chromedriver=2.42.591059 (a3d9684d10d61aa0c45f6723b327283be1ebaad8),platform=Mac OS X 10.13.3 x86_64) (WARNING: The server did not provide any stacktrace information)
Command duration or timeout: 0 milliseconds
For documentation on this error, please visit: http://seleniumhq.org/exceptions/no_such_element.html
Build info: version: '3.14.0', revision: 'aacccce0', time: '2018-08-02T20:19:58.91Z'
System info: host: 'Amrits-MacBook-Pro.local', ip: 'fe80:0:0:0:a4:1217:689a:77c7%en0', os.name: 'Mac OS X', os.arch: 'x86_64', os.version: '10.13.3', java.version: '1.8.0_181'
Driver info: org.openqa.selenium.chrome.ChromeDriver
Capabilities {acceptInsecureCerts: false, acceptSslCerts: false, applicationCacheEnabled: false, browserConnectionEnabled: false, browserName: chrome, chrome: {chromedriverVersion: 2.42.591059 (a3d9684d10d61a..., userDataDir: /var/folders/vm/wzmsqpxj11g...}, cssSelectorsEnabled: true, databaseEnabled: false, goog:chromeOptions: {debuggerAddress: localhost:49415}, handlesAlerts: true, hasTouchScreen: false, javascriptEnabled: true, locationContextEnabled: true, mobileEmulationEnabled: false, nativeEvents: true, networkConnectionEnabled: false, pageLoadStrategy: normal, platform: MAC, platformName: MAC, rotatable: false, setWindowRect: true, takesHeapSnapshot: true, takesScreenshot: true, unexpectedAlertBehaviour: , unhandledPromptBehavior: , version: 69.0.3497.100, webStorageEnabled: true}
Session ID: d31bff54cb467d0a1070a34c20a5f987
*** Element info: {Using=xpath, value=//*[text()='My Account']}
	at sun.reflect.NativeConstructorAccessorImpl.newInstance0(Native Method)
	at sun.reflect.NativeConstructorAccessorImpl.newInstance(NativeConstructorAccessorImpl.java:62)
	at sun.reflect.DelegatingConstructorAccessorImpl.newInstance(DelegatingConstructorAccessorImpl.java:45)
	at java.lang.reflect.Constructor.newInstance(Constructor.java:423)
	at org.openqa.selenium.remote.ErrorHandler.createThrowable(ErrorHandler.java:214)
	at org.openqa.selenium.remote.ErrorHandler.throwIfResponseFailed(ErrorHandler.java:166)
	at org.openqa.selenium.remote.http.JsonHttpResponseCodec.reconstructValue(JsonHttpResponseCodec.java:40)
	at org.openqa.selenium.remote.http.AbstractHttpResponseCodec.decode(AbstractHttpResponseCodec.java:80)
	at org.openqa.selenium.remote.http.AbstractHttpResponseCodec.decode(AbstractHttpResponseCodec.java:44)
	at org.openqa.selenium.remote.HttpCommandExecutor.execute(HttpCommandExecutor.java:158)
	at org.openqa.selenium.remote.service.DriverCommandExecutor.execute(DriverCommandExecutor.java:83)
	at org.openqa.selenium.remote.RemoteWebDriver.execute(RemoteWebDriver.java:548)
	at org.openqa.selenium.remote.RemoteWebDriver.findElement(RemoteWebDriver.java:322)
	at org.openqa.selenium.remote.RemoteWebDriver.findElementByXPath(RemoteWebDriver.java:424)
	at org.openqa.selenium.By$ByXPath.findElement(By.java:353)
	at org.openqa.selenium.remote.RemoteWebDriver.findElement(RemoteWebDriver.java:314)
	at stepdefs.StepDefinitions.i_should_see_the_button(StepDefinitions.java:48)
	at ✽.And I should see the "My Account" button(LoginProfile.feature:16)
</failure>
  </testcase>
</testsuite>